0 verbose cli /usr/local/bin/node /usr/local/lib/node_modules/npm/bin/npm-cli.js
1 info using npm@11.7.0
2 info using node@v24.11.1
3 silly config load:file:/usr/local/lib/node_modules/npm/npmrc
4 silly config load:file:/Volumes/AI Project Storage/DataBrokerRemovalAgent/.npmrc
5 silly config load:file:/Users/gregoryhall/.npmrc
6 silly config load:file:/usr/local/etc/npmrc
7 verbose title npm exec create-vite@latest ./ --template react
8 verbose argv "exec" "--yes" "--cache" "./.npm-cache" "--" "create-vite@latest" "./" "--template" "react"
9 verbose logfile logs-max:10 dir:/Volumes/AI Project Storage/DataBrokerRemovalAgent/.npm-cache/_logs/2026-04-06T03_18_26_647Z-
10 verbose logfile /Volumes/AI Project Storage/DataBrokerRemovalAgent/.npm-cache/_logs/2026-04-06T03_18_26_647Z-debug-0.log
11 silly logfile done cleaning log files
12 silly packumentCache heap:4496293888 maxSize:1124073472 maxEntrySize:562036736
13 http fetch GET 200 https://registry.npmjs.org/create-vite 119ms (cache miss)
14 silly packumentCache heap:4496293888 maxSize:1124073472 maxEntrySize:562036736
15 silly packumentCache heap:4496293888 maxSize:1124073472 maxEntrySize:562036736
16 http fetch GET 200 https://registry.npmjs.org/npm 170ms
17 silly idealTree buildDeps
18 silly fetch manifest create-vite@9.0.3
19 silly packumentCache full:https://registry.npmjs.org/create-vite cache-miss
20 http fetch GET 200 https://registry.npmjs.org/create-vite 45ms (cache miss)
21 silly packumentCache full:https://registry.npmjs.org/create-vite set size:undefined disposed:false
22 silly placeDep ROOT create-vite@9.0.3 OK for:  want: 9.0.3
23 silly reify moves {}
24 silly audit bulk request { 'create-vite': [ '9.0.3' ] }
25 http cache create-vite@https://registry.npmjs.org/create-vite/-/create-vite-9.0.3.tgz 0ms (cache hit)
26 silly tarball no local data for create-vite@https://registry.npmjs.org/create-vite/-/create-vite-9.0.3.tgz. Extracting by manifest.
27 http fetch POST 200 https://registry.npmjs.org/-/npm/v1/security/advisories/bulk 90ms
28 silly audit report {}
29 http fetch GET 200 https://registry.npmjs.org/create-vite/-/create-vite-9.0.3.tgz 148ms (cache miss)
